Build started 13/07/28 12:14:25 AM.
     1>Project "C:\Users\beeanyew\Documents\GitHub\OBS\DShowAudioPlugin\DShowAudioPlugin.vcxproj" on node 2 (build target(s)).
     1>InitializeBuildStatus:
         Creating "x64\Release\DShowAudioPlugin.unsuccessfulbuild" because "AlwaysCreate" was specified.
       ClCompile:
         C:\VS10\VC\bin\x86_amd64\CL.exe /c /I../OBSApi /Zi /nologo /W3 /WX- /Ox /Oi /GL /D WIN32 /D NDEBUG /D _WINDOWS /D _USRDLL /D DSHOWPLUGIN_EXPORTS /D _WINDLL /D _UNICODE /D UNICODE /Gm- /EHa /MT /GS /Gy /fp:precise /Zc:wchar_t /Zc:forScope /FAs /Fa"x64\Release\\" /Fo"x64\Release\\" /Fd"x64\Release\vc100.pdb" /Gd /TP /errorReport:prompt CaptureFilter.cpp DShowAudioPlugin.cpp DeviceAudio.cpp DeviceSource.cpp ImageMadness.cpp MediaInfoStuff.cpp
         CaptureFilter.cpp
         DShowAudioPlugin.cpp
         DeviceAudio.cpp
         DeviceSource.cpp
         ImageMadness.cpp
         MediaInfoStuff.cpp
       ResourceCompile:
         All outputs are up-to-date.
       Link:
         C:\VS10\VC\bin\x86_amd64\link.exe /ERRORREPORT:PROMPT /OUT:"x64\Release\DShowAudioPlugin.dll" /INCREMENTAL:NO /NOLOGO /LIBPATH:../OBSApi/x64/Release OBSApi.lib strmiids.lib kernel32.lib user32.lib gdi32.lib winspool.lib comdlg32.lib advapi32.lib shell32.lib ole32.lib oleaut32.lib uuid.lib odbc32.lib odbccp32.lib /MANIFEST /ManifestFile:"x64\Release\DShowAudioPlugin.dll.intermediate.manifest" /MANIFESTUAC:"level='asInvoker' uiAccess='false'" /DEBUG /PDB:"..\rundir\pdb64\DShowAudioPlugin.pdb" /PDBSTRIPPED:"..\rundir\pdb64\stripped\DShowAudioPlugin.pdb" /SUBSYSTEM:WINDOWS /OPT:REF /OPT:ICF /LTCG /TLBID:1 /DYNAMICBASE /NXCOMPAT /IMPLIB:"x64\Release\DShowAudioPlugin.lib" /MACHINE:X64 /DLL x64\Release\DShowAudioPlugin.res
         x64\Release\CaptureFilter.obj
         x64\Release\DeviceAudio.obj
         x64\Release\DeviceSource.obj
         x64\Release\DShowAudioPlugin.obj
         x64\Release\ImageMadness.obj
         x64\Release\MediaInfoStuff.obj
            Creating library x64\Release\DShowAudioPlugin.lib and object x64\Release\DShowAudioPlugin.exp
         Generating code
         Finished generating code
         DShowAudioPlugin.vcxproj -> C:\Users\beeanyew\Documents\GitHub\OBS\DShowAudioPlugin\x64\Release\DShowAudioPlugin.dll
       Manifest:
         C:\Program Files (x86)\Microsoft SDKs\Windows\v7.0A\bin\mt.exe /nologo /verbose /outputresource:"x64\Release\DShowAudioPlugin.dll;#2" /manifest x64\Release\DShowAudioPlugin.dll.intermediate.manifest
       PostBuildEvent:
         copy x64\Release\DShowAudioPlugin.dll ..\rundir\plugins
         :VCEnd
                 1 file(s) copied.
       FinalizeBuildStatus:
         Deleting file "x64\Release\DShowAudioPlugin.unsuccessfulbuild".
         Touching "x64\Release\DShowAudioPlugin.lastbuildstate".
     1>Done Building Project "C:\Users\beeanyew\Documents\GitHub\OBS\DShowAudioPlugin\DShowAudioPlugin.vcxproj" (build target(s)).

Build succeeded.

Time Elapsed 00:00:05.52
