D:\INSTALLS\OBS\GITSHIT\DSHOWAUDIOPLUGIN\DEBUG\CAPTUREFILTER.OBJ
D:\Installs\OBS\gitshit\DShowAudioPlugin\Debug\cl.command.1.tlog
D:\Installs\OBS\gitshit\DShowAudioPlugin\Debug\CL.read.1.tlog
D:\Installs\OBS\gitshit\DShowAudioPlugin\Debug\CL.write.1.tlog
D:\INSTALLS\OBS\GITSHIT\DSHOWAUDIOPLUGIN\DEBUG\DEVICEAUDIO.OBJ
D:\INSTALLS\OBS\GITSHIT\DSHOWAUDIOPLUGIN\DEBUG\DEVICESOURCE.OBJ
D:\INSTALLS\OBS\GITSHIT\DSHOWAUDIOPLUGIN\DEBUG\DSHOWAUDIOPLUGIN.DLL
D:\INSTALLS\OBS\GITSHIT\DSHOWAUDIOPLUGIN\DEBUG\DSHOWAUDIOPLUGIN.DLL.EMBED.MANIFEST
D:\INSTALLS\OBS\GITSHIT\DSHOWAUDIOPLUGIN\DEBUG\DSHOWAUDIOPLUGIN.DLL.EMBED.MANIFEST.RES
D:\INSTALLS\OBS\GITSHIT\DSHOWAUDIOPLUGIN\DEBUG\DSHOWAUDIOPLUGIN.DLL.INTERMEDIATE.MANIFEST
D:\Installs\OBS\gitshit\DShowAudioPlugin\Debug\DShowAudioPlugin.exp
D:\INSTALLS\OBS\GITSHIT\DSHOWAUDIOPLUGIN\DEBUG\DSHOWAUDIOPLUGIN.ILK
D:\Installs\OBS\gitshit\DShowAudioPlugin\Debug\DShowAudioPlugin.lib
D:\INSTALLS\OBS\GITSHIT\DSHOWAUDIOPLUGIN\DEBUG\DSHOWAUDIOPLUGIN.OBJ
D:\INSTALLS\OBS\GITSHIT\DSHOWAUDIOPLUGIN\DEBUG\DSHOWAUDIOPLUGIN.RES
D:\Installs\OBS\gitshit\DShowAudioPlugin\Debug\DShowAudioPlugin.write.1.tlog
D:\Installs\OBS\gitshit\DShowAudioPlugin\Debug\DShowAudioPlugin_manifest.rc
D:\Installs\OBS\gitshit\DShowAudioPlugin\Debug\DShowPlugin.dll.embed.manifest
D:\Installs\OBS\gitshit\DShowAudioPlugin\Debug\DShowPlugin.dll.embed.manifest.res
D:\Installs\OBS\gitshit\DShowAudioPlugin\Debug\DShowPlugin.dll.intermediate.manifest
D:\Installs\OBS\gitshit\DShowAudioPlugin\Debug\DShowPlugin.exp
D:\Installs\OBS\gitshit\DShowAudioPlugin\Debug\DShowPlugin.ilk
D:\Installs\OBS\gitshit\DShowAudioPlugin\Debug\DShowPlugin.obj
D:\Installs\OBS\gitshit\DShowAudioPlugin\Debug\DShowPlugin.res
D:\Installs\OBS\gitshit\DShowAudioPlugin\Debug\DShowPlugin.write.1.tlog
D:\Installs\OBS\gitshit\DShowAudioPlugin\Debug\DShowPlugin_manifest.rc
D:\INSTALLS\OBS\GITSHIT\DSHOWAUDIOPLUGIN\DEBUG\IMAGEMADNESS.OBJ
D:\Installs\OBS\gitshit\DShowAudioPlugin\Debug\link.2168.read.1.tlog
D:\Installs\OBS\gitshit\DShowAudioPlugin\Debug\link.2168.write.1.tlog
D:\Installs\OBS\gitshit\DShowAudioPlugin\Debug\link.2168-cvtres.read.1.tlog
D:\Installs\OBS\gitshit\DShowAudioPlugin\Debug\link.2168-cvtres.write.1.tlog
D:\Installs\OBS\gitshit\DShowAudioPlugin\Debug\link.command.1.tlog
D:\Installs\OBS\gitshit\DShowAudioPlugin\Debug\link.read.1.tlog
D:\Installs\OBS\gitshit\DShowAudioPlugin\Debug\link.write.1.tlog
D:\Installs\OBS\gitshit\DShowAudioPlugin\Debug\link-cvtres.read.1.tlog
D:\Installs\OBS\gitshit\DShowAudioPlugin\Debug\link-cvtres.write.1.tlog
D:\INSTALLS\OBS\GITSHIT\DSHOWAUDIOPLUGIN\DEBUG\MEDIAINFOSTUFF.OBJ
D:\Installs\OBS\gitshit\DShowAudioPlugin\Debug\mt.command.1.tlog
D:\Installs\OBS\gitshit\DShowAudioPlugin\Debug\mt.read.1.tlog
D:\Installs\OBS\gitshit\DShowAudioPlugin\Debug\mt.write.1.tlog
D:\Installs\OBS\gitshit\DShowAudioPlugin\Debug\rc.command.1.tlog
D:\Installs\OBS\gitshit\DShowAudioPlugin\Debug\rc.read.1.tlog
D:\Installs\OBS\gitshit\DShowAudioPlugin\Debug\rc.write.1.tlog
D:\Installs\OBS\gitshit\DShowAudioPlugin\Debug\vc100.idb
D:\INSTALLS\OBS\GITSHIT\DSHOWAUDIOPLUGIN\DEBUG\VC100.PDB
D:\INSTALLS\OBS\GITSHIT\DSHOWPLUGIN\DEBUG\CAPTUREFILTER.OBJ
D:\INSTALLS\OBS\GITSHIT\DSHOWPLUGIN\DEBUG\DEVICEAUDIO.OBJ
D:\INSTALLS\OBS\GITSHIT\DSHOWPLUGIN\DEBUG\DEVICESOURCE.OBJ
D:\INSTALLS\OBS\GITSHIT\DSHOWPLUGIN\DEBUG\DSHOWPLUGIN.DLL
D:\INSTALLS\OBS\GITSHIT\DSHOWPLUGIN\DEBUG\DSHOWPLUGIN.DLL.EMBED.MANIFEST
D:\INSTALLS\OBS\GITSHIT\DSHOWPLUGIN\DEBUG\DSHOWPLUGIN.DLL.EMBED.MANIFEST.RES
D:\INSTALLS\OBS\GITSHIT\DSHOWPLUGIN\DEBUG\DSHOWPLUGIN.DLL.INTERMEDIATE.MANIFEST
D:\Installs\OBS\gitshit\DShowPlugin\Debug\DShowPlugin.exp
D:\INSTALLS\OBS\GITSHIT\DSHOWPLUGIN\DEBUG\DSHOWPLUGIN.ILK
D:\Installs\OBS\gitshit\DShowPlugin\Debug\DShowPlugin.lib
D:\INSTALLS\OBS\GITSHIT\DSHOWPLUGIN\DEBUG\DSHOWPLUGIN.OBJ
D:\INSTALLS\OBS\GITSHIT\DSHOWPLUGIN\DEBUG\DSHOWPLUGIN.RES
D:\INSTALLS\OBS\GITSHIT\DSHOWPLUGIN\DEBUG\IMAGEMADNESS.OBJ
D:\INSTALLS\OBS\GITSHIT\DSHOWPLUGIN\DEBUG\MEDIAINFOSTUFF.OBJ
D:\INSTALLS\OBS\GITSHIT\DSHOWPLUGIN\DEBUG\VC100.PDB
D:\INSTALLS\OBS\GITSHIT\RUNDIR\PDB32\DSHOWAUDIOPLUGIN.PDB
D:\INSTALLS\OBS\GITSHIT\RUNDIR\PDB32\DSHOWPLUGIN.PDB
Debug\DShowAudioPlugin.ilk
