Build started 3/12/2013 8:55:50 AM.
     1>Project "D:\Installs\OBS\gitshit\DShowPlugin\DShowPlugin.vcxproj" on node 3 (build target(s)).
     1>InitializeBuildStatus:
         Creating "Debug\DShowPlugin.unsuccessfulbuild" because "AlwaysCreate" was specified.
       ClCompile:
         C:\VS10\VC\bin\CL.exe /c /I../OBSApi /ZI /nologo /W3 /WX- /Od /Oy- /D WIN32 /D _DEBUG /D _WINDOWS /D _USRDLL /D DSHOWPLUGIN_EXPORTS /D _WINDLL /D _UNICODE /D UNICODE /Gm /EHsc /RTC1 /MTd /GS /fp:precise /Zc:wchar_t /Zc:forScope /Fo"Debug\\" /Fd"Debug\vc100.pdb" /Gd /TP /analyze- /errorReport:prompt CaptureFilter.cpp DeviceAudio.cpp DeviceSource.cpp DShowPlugin.cpp ImageMadness.cpp MediaInfoStuff.cpp
         MediaInfoStuff.cpp
         ImageMadness.cpp
         DShowPlugin.cpp
         DeviceSource.cpp
         DeviceAudio.cpp
         CaptureFilter.cpp
         Generating Code...
       ResourceCompile:
         C:\Program Files (x86)\Microsoft SDKs\Windows\v7.0A\bin\rc.exe /D _UNICODE /D UNICODE /l"0x0409" /nologo /fo"Debug\DShowPlugin.res" DShowPlugin.rc 
       ManifestResourceCompile:
         C:\Program Files (x86)\Microsoft SDKs\Windows\v7.0A\bin\rc.exe /nologo /fo"Debug\DShowPlugin.dll.embed.manifest.res" Debug\DShowPlugin_manifest.rc 
       Link:
         C:\VS10\VC\bin\link.exe /ERRORREPORT:PROMPT /OUT:"Debug\DShowPlugin.dll" /INCREMENTAL /NOLOGO /LIBPATH:../OBSApi/Debug OBSApi.lib strmiids.lib kernel32.lib user32.lib gdi32.lib winspool.lib comdlg32.lib advapi32.lib shell32.lib ole32.lib oleaut32.lib uuid.lib odbc32.lib odbccp32.lib /MANIFEST /ManifestFile:"Debug\DShowPlugin.dll.intermediate.manifest" /MANIFESTUAC:"level='asInvoker' uiAccess='false'" /DEBUG /PDB:"..\rundir\pdb32\DShowPlugin.pdb" /PDBSTRIPPED:"..\rundir\pdb32\stripped\DShowPlugin.pdb" /SUBSYSTEM:WINDOWS /TLBID:1 /DYNAMICBASE /NXCOMPAT /IMPLIB:"Debug\DShowPlugin.lib" /MACHINE:X86 /DLL Debug\DShowPlugin.res
         Debug\DShowPlugin.dll.embed.manifest.res
         Debug\CaptureFilter.obj
         Debug\DeviceAudio.obj
         Debug\DeviceSource.obj
         Debug\DShowPlugin.obj
         Debug\ImageMadness.obj
         Debug\MediaInfoStuff.obj
            Creating library Debug\DShowPlugin.lib and object Debug\DShowPlugin.exp
       Manifest:
         C:\Program Files (x86)\Microsoft SDKs\Windows\v7.0A\bin\mt.exe /nologo /verbose /out:"Debug\DShowPlugin.dll.embed.manifest" /manifest Debug\DShowPlugin.dll.intermediate.manifest
         C:\Program Files (x86)\Microsoft SDKs\Windows\v7.0A\bin\rc.exe /nologo /fo"Debug\DShowPlugin.dll.embed.manifest.res" Debug\DShowPlugin_manifest.rc 
       LinkEmbedManifest:
         C:\VS10\VC\bin\link.exe /ERRORREPORT:PROMPT /OUT:"Debug\DShowPlugin.dll" /INCREMENTAL /NOLOGO /LIBPATH:../OBSApi/Debug OBSApi.lib strmiids.lib kernel32.lib user32.lib gdi32.lib winspool.lib comdlg32.lib advapi32.lib shell32.lib ole32.lib oleaut32.lib uuid.lib odbc32.lib odbccp32.lib /MANIFEST /ManifestFile:"Debug\DShowPlugin.dll.intermediate.manifest" /MANIFESTUAC:"level='asInvoker' uiAccess='false'" /DEBUG /PDB:"..\rundir\pdb32\DShowPlugin.pdb" /PDBSTRIPPED:"..\rundir\pdb32\stripped\DShowPlugin.pdb" /SUBSYSTEM:WINDOWS /TLBID:1 /DYNAMICBASE /NXCOMPAT /IMPLIB:"Debug\DShowPlugin.lib" /MACHINE:X86 /DLL Debug\DShowPlugin.res
         Debug\DShowPlugin.dll.embed.manifest.res
         Debug\CaptureFilter.obj
         Debug\DeviceAudio.obj
         Debug\DeviceSource.obj
         Debug\DShowPlugin.obj
         Debug\ImageMadness.obj
         Debug\MediaInfoStuff.obj
         DShowPlugin.vcxproj -> D:\Installs\OBS\gitshit\DShowPlugin\Debug\DShowPlugin.dll
       PostBuildEvent:
         copy Debug\DShowPlugin.dll ..\rundir\plugins
         :VCEnd
                 1 file(s) copied.
       FinalizeBuildStatus:
         Deleting file "Debug\DShowPlugin.unsuccessfulbuild".
         Touching "Debug\DShowPlugin.lastbuildstate".
     1>Done Building Project "D:\Installs\OBS\gitshit\DShowPlugin\DShowPlugin.vcxproj" (build target(s)).

Build succeeded.

Time Elapsed 00:00:09.05
