Build started 3/13/2013 10:49:17 PM.
     1>Project "D:\Installs\OBS\gitshit\DShowAudioPlugin\DShowAudioPlugin.vcxproj" on node 2 (build target(s)).
     1>InitializeBuildStatus:
         Creating "Debug\DShowAudioPlugin.unsuccessfulbuild" because "AlwaysCreate" was specified.
       ClCompile:
         C:\VS10\VC\bin\CL.exe /c /I../OBSApi /ZI /nologo /W3 /WX- /Od /Oy- /D WIN32 /D _DEBUG /D _WINDOWS /D _USRDLL /D DSHOWPLUGIN_EXPORTS /D _WINDLL /D _UNICODE /D UNICODE /Gm /EHsc /RTC1 /MTd /GS /fp:precise /Zc:wchar_t /Zc:forScope /Fo"Debug\\" /Fd"Debug\vc100.pdb" /Gd /TP /analyze- /errorReport:prompt DeviceSource.cpp
         DeviceSource.cpp
       ResourceCompile:
         All outputs are up-to-date.
       ManifestResourceCompile:
         All outputs are up-to-date.
       Link:
         C:\VS10\VC\bin\link.exe /ERRORREPORT:PROMPT /OUT:"Debug\DShowAudioPlugin.dll" /INCREMENTAL /NOLOGO /LIBPATH:../OBSApi/Debug OBSApi.lib strmiids.lib kernel32.lib user32.lib gdi32.lib winspool.lib comdlg32.lib advapi32.lib shell32.lib ole32.lib oleaut32.lib uuid.lib odbc32.lib odbccp32.lib /MANIFEST /ManifestFile:"Debug\DShowAudioPlugin.dll.intermediate.manifest" /MANIFESTUAC:"level='asInvoker' uiAccess='false'" /DEBUG /PDB:"..\rundir\pdb32\DShowAudioPlugin.pdb" /PDBSTRIPPED:"..\rundir\pdb32\stripped\DShowAudioPlugin.pdb" /SUBSYSTEM:WINDOWS /TLBID:1 /DYNAMICBASE /NXCOMPAT /IMPLIB:"Debug\DShowAudioPlugin.lib" /MACHINE:X86 /DLL Debug\DShowAudioPlugin.res
         Debug\DShowAudioPlugin.dll.embed.manifest.res
         Debug\CaptureFilter.obj
         Debug\DeviceAudio.obj
         Debug\DeviceSource.obj
         Debug\DShowAudioPlugin.obj
         Debug\ImageMadness.obj
         Debug\MediaInfoStuff.obj
       Manifest:
         C:\Program Files (x86)\Microsoft SDKs\Windows\v7.0A\bin\mt.exe /nologo /verbose /out:"Debug\DShowAudioPlugin.dll.embed.manifest" /manifest Debug\DShowAudioPlugin.dll.intermediate.manifest
         All outputs are up-to-date.
       LinkEmbedManifest:
         All outputs are up-to-date.
         DShowAudioPlugin.vcxproj -> D:\Installs\OBS\gitshit\DShowAudioPlugin\Debug\DShowAudioPlugin.dll
       PostBuildEvent:
         copy Debug\DShowAudioPlugin.dll ..\rundir\plugins
         :VCEnd
                 1 file(s) copied.
       FinalizeBuildStatus:
         Deleting file "Debug\DShowAudioPlugin.unsuccessfulbuild".
         Touching "Debug\DShowAudioPlugin.lastbuildstate".
     1>Done Building Project "D:\Installs\OBS\gitshit\DShowAudioPlugin\DShowAudioPlugin.vcxproj" (build target(s)).

Build succeeded.

Time Elapsed 00:00:02.52
