Build started 13/07/28 12:21:25 AM.
     1>Project "C:\Users\beeanyew\Documents\GitHub\OBS\DShowAudioPlugin\DShowAudioPlugin.vcxproj" on node 2 (rebuild target(s)).
     1>_PrepareForClean:
         Deleting file "Release\DShowAudioPlugin.lastbuildstate".
       InitializeBuildStatus:
         Creating "Release\DShowAudioPlugin.unsuccessfulbuild" because "AlwaysCreate" was specified.
       ClCompile:
         C:\VS10\VC\bin\CL.exe /c /I../OBSApi /Zi /nologo /W3 /WX- /Ox /Oi /Oy- /GL /D WIN32 /D NDEBUG /D _WINDOWS /D _USRDLL /D DSHOWPLUGIN_EXPORTS /D _WINDLL /D _UNICODE /D UNICODE /Gm- /EHa /MT /GS /Gy /fp:precise /Zc:wchar_t /Zc:forScope /FAs /Fa"Release\\" /Fo"Release\\" /Fd"Release\vc100.pdb" /Gd /TP /analyze- /errorReport:prompt CaptureFilter.cpp DeviceAudio.cpp DeviceSource.cpp DShowAudioPlugin.cpp ImageMadness.cpp MediaInfoStuff.cpp
         CaptureFilter.cpp
         DeviceAudio.cpp
         DeviceSource.cpp
         DShowAudioPlugin.cpp
         ImageMadness.cpp
         MediaInfoStuff.cpp
       ResourceCompile:
         C:\Program Files (x86)\Microsoft SDKs\Windows\v7.0A\bin\rc.exe /D _UNICODE /D UNICODE /l"0x0409" /nologo /fo"Release\DShowAudioPlugin.res" DShowAudioPlugin.rc 
       Link:
         C:\VS10\VC\bin\link.exe /ERRORREPORT:PROMPT /OUT:"Release\DShowAudioPlugin.dll" /INCREMENTAL:NO /NOLOGO /LIBPATH:../OBSApi/Release OBSApi.lib strmiids.lib kernel32.lib user32.lib gdi32.lib winspool.lib comdlg32.lib advapi32.lib shell32.lib ole32.lib oleaut32.lib uuid.lib odbc32.lib odbccp32.lib /MANIFEST /ManifestFile:"Release\DShowAudioPlugin.dll.intermediate.manifest" /MANIFESTUAC:"level='asInvoker' uiAccess='false'" /DEBUG /PDB:"..\rundir\pdb32\DShowAudioPlugin.pdb" /PDBSTRIPPED:"..\rundir\pdb32\stripped\DShowAudioPlugin.pdb" /SUBSYSTEM:WINDOWS /OPT:REF /OPT:ICF /LTCG /TLBID:1 /DYNAMICBASE /NXCOMPAT /IMPLIB:"Release\DShowAudioPlugin.lib" /MACHINE:X86 /DLL Release\DShowAudioPlugin.res
         Release\CaptureFilter.obj
         Release\DeviceAudio.obj
         Release\DeviceSource.obj
         Release\DShowAudioPlugin.obj
         Release\ImageMadness.obj
         Release\MediaInfoStuff.obj
            Creating library Release\DShowAudioPlugin.lib and object Release\DShowAudioPlugin.exp
         Generating code
         Finished generating code
         DShowAudioPlugin.vcxproj -> C:\Users\beeanyew\Documents\GitHub\OBS\DShowAudioPlugin\Release\DShowAudioPlugin.dll
       Manifest:
         C:\Program Files (x86)\Microsoft SDKs\Windows\v7.0A\bin\mt.exe /nologo /verbose /outputresource:"Release\DShowAudioPlugin.dll;#2" /manifest Release\DShowAudioPlugin.dll.intermediate.manifest
       PostBuildEvent:
         copy Release\DShowAudioPlugin.dll ..\rundir\plugins
         :VCEnd
                 1 file(s) copied.
       FinalizeBuildStatus:
         Deleting file "Release\DShowAudioPlugin.unsuccessfulbuild".
         Touching "Release\DShowAudioPlugin.lastbuildstate".
     1>Done Building Project "C:\Users\beeanyew\Documents\GitHub\OBS\DShowAudioPlugin\DShowAudioPlugin.vcxproj" (rebuild target(s)).

Build succeeded.

Time Elapsed 00:00:04.95
