C:\USERS\BEEANYEW\DOCUMENTS\GITHUB\OBS\DSHOWAUDIOPLUGIN\RELEASE\CAPTUREFILTER.ASM
C:\USERS\BEEANYEW\DOCUMENTS\GITHUB\OBS\DSHOWAUDIOPLUGIN\RELEASE\CAPTUREFILTER.OBJ
C:\Users\beeanyew\Documents\GitHub\OBS\DShowAudioPlugin\Release\cl.command.1.tlog
C:\Users\beeanyew\Documents\GitHub\OBS\DShowAudioPlugin\Release\CL.read.1.tlog
C:\Users\beeanyew\Documents\GitHub\OBS\DShowAudioPlugin\Release\CL.write.1.tlog
C:\USERS\BEEANYEW\DOCUMENTS\GITHUB\OBS\DSHOWAUDIOPLUGIN\RELEASE\DEVICEAUDIO.ASM
C:\USERS\BEEANYEW\DOCUMENTS\GITHUB\OBS\DSHOWAUDIOPLUGIN\RELEASE\DEVICEAUDIO.OBJ
C:\USERS\BEEANYEW\DOCUMENTS\GITHUB\OBS\DSHOWAUDIOPLUGIN\RELEASE\DEVICESOURCE.ASM
C:\USERS\BEEANYEW\DOCUMENTS\GITHUB\OBS\DSHOWAUDIOPLUGIN\RELEASE\DEVICESOURCE.OBJ
C:\USERS\BEEANYEW\DOCUMENTS\GITHUB\OBS\DSHOWAUDIOPLUGIN\RELEASE\DSHOWAUDIOPLUGIN.ASM
C:\USERS\BEEANYEW\DOCUMENTS\GITHUB\OBS\DSHOWAUDIOPLUGIN\RELEASE\DSHOWAUDIOPLUGIN.DLL
C:\USERS\BEEANYEW\DOCUMENTS\GITHUB\OBS\DSHOWAUDIOPLUGIN\RELEASE\DSHOWAUDIOPLUGIN.DLL.INTERMEDIATE.MANIFEST
C:\Users\beeanyew\Documents\GitHub\OBS\DShowAudioPlugin\Release\DShowAudioPlugin.exp
C:\Users\beeanyew\Documents\GitHub\OBS\DShowAudioPlugin\Release\DShowAudioPlugin.lib
C:\USERS\BEEANYEW\DOCUMENTS\GITHUB\OBS\DSHOWAUDIOPLUGIN\RELEASE\DSHOWAUDIOPLUGIN.OBJ
C:\USERS\BEEANYEW\DOCUMENTS\GITHUB\OBS\DSHOWAUDIOPLUGIN\RELEASE\DSHOWAUDIOPLUGIN.RES
C:\Users\beeanyew\Documents\GitHub\OBS\DShowAudioPlugin\Release\DShowAudioPlugin.vcxprojResolveAssemblyReference.cache
C:\Users\beeanyew\Documents\GitHub\OBS\DShowAudioPlugin\Release\DShowAudioPlugin.write.1.tlog
C:\USERS\BEEANYEW\DOCUMENTS\GITHUB\OBS\DSHOWAUDIOPLUGIN\RELEASE\IMAGEMADNESS.ASM
C:\USERS\BEEANYEW\DOCUMENTS\GITHUB\OBS\DSHOWAUDIOPLUGIN\RELEASE\IMAGEMADNESS.OBJ
C:\Users\beeanyew\Documents\GitHub\OBS\DShowAudioPlugin\Release\link.command.1.tlog
C:\Users\beeanyew\Documents\GitHub\OBS\DShowAudioPlugin\Release\link.read.1.tlog
C:\Users\beeanyew\Documents\GitHub\OBS\DShowAudioPlugin\Release\link.write.1.tlog
C:\Users\beeanyew\Documents\GitHub\OBS\DShowAudioPlugin\Release\link-cvtres.read.1.tlog
C:\Users\beeanyew\Documents\GitHub\OBS\DShowAudioPlugin\Release\link-cvtres.write.1.tlog
C:\USERS\BEEANYEW\DOCUMENTS\GITHUB\OBS\DSHOWAUDIOPLUGIN\RELEASE\MEDIAINFOSTUFF.ASM
C:\USERS\BEEANYEW\DOCUMENTS\GITHUB\OBS\DSHOWAUDIOPLUGIN\RELEASE\MEDIAINFOSTUFF.OBJ
C:\Users\beeanyew\Documents\GitHub\OBS\DShowAudioPlugin\Release\mt.command.1.tlog
C:\Users\beeanyew\Documents\GitHub\OBS\DShowAudioPlugin\Release\mt.read.1.tlog
C:\Users\beeanyew\Documents\GitHub\OBS\DShowAudioPlugin\Release\mt.write.1.tlog
C:\Users\beeanyew\Documents\GitHub\OBS\DShowAudioPlugin\Release\rc.command.1.tlog
C:\Users\beeanyew\Documents\GitHub\OBS\DShowAudioPlugin\Release\rc.read.1.tlog
C:\Users\beeanyew\Documents\GitHub\OBS\DShowAudioPlugin\Release\rc.write.1.tlog
C:\USERS\BEEANYEW\DOCUMENTS\GITHUB\OBS\DSHOWAUDIOPLUGIN\RELEASE\VC100.PDB
C:\USERS\BEEANYEW\DOCUMENTS\GITHUB\OBS\RUNDIR\PDB32\DSHOWAUDIOPLUGIN.PDB
